<?xml version="1.0" encoding="UTF-8"?>
<!-- Generated by org.testng.reporters.JUnitReportReporter -->
<testsuite hostname="LAPTOP-1HDNIHLA" failures="0" tests="1" name="com.inetBanking.testCases.TC_LoginTest_001" time="6.102" errors="0" timestamp="07 May 2019 10:45:53 GMT" skipped="0">
  <testcase classname="com.inetBanking.testCases.TC_LoginTest_001" name="loginTest" time="6.102"/>
</testsuite> <!-- com.inetBanking.testCases.TC_LoginTest_001 -->
