<?xml version="1.0" encoding="UTF-8"?>
<!-- Generated by org.testng.reporters.JUnitReportReporter -->
<testsuite hostname="LAPTOP-1HDNIHLA" failures="0" tests="1" name="com.inetBanking.testCases.TC_LoginTest_001" time="4.040" errors="0" timestamp="08 May 2019 10:43:23 GMT" skipped="0">
  <testcase classname="com.inetBanking.testCases.TC_LoginTest_001" name="loginTest" time="4.040"/>
</testsuite> <!-- com.inetBanking.testCases.TC_LoginTest_001 -->
